<?xml version="1.0" encoding="UTF-8"?>
<!-- Generated by org.testng.reporters.JUnitReportReporter -->
<testsuite hostname="DESKTOP-TD04L1I" failures="0" tests="2" name="testCases.TC001_AccountRegistrationTest" time="5.965" errors="0" timestamp="2025-07-22T12:56:15 CEST" skipped="0">
  <testcase classname="testCases.TC001_AccountRegistrationTest" name="verify_account_registration" time="2.834"/>
  <testcase classname="testCases.TC001_AccountRegistrationTest" name="verify_account_registration" time="3.131"/>
</testsuite> <!-- testCases.TC001_AccountRegistrationTest -->
