<?xml version="1.0" encoding="UTF-8"?>
<!-- Generated by org.testng.reporters.JUnitReportReporter -->
<testsuite hostname="DESKTOP-TD04L1I" failures="0" tests="2" name="testCases.TC002_LoginTest" time="4.416" errors="0" timestamp="2025-07-22T12:56:15 CEST" skipped="0">
  <testcase classname="testCases.TC002_LoginTest" name="verify_login" time="2.702"/>
  <testcase classname="testCases.TC002_LoginTest" name="verify_login" time="1.714"/>
</testsuite> <!-- testCases.TC002_LoginTest -->
