<?xml version="1.0" encoding="UTF-8"?>
<!-- Generated by org.testng.reporters.JUnitReportReporter -->
<testsuite hostname="DESKTOP-TD04L1I" failures="0" tests="6" name="testCases.TC003_LoginDDT" time="57.878" errors="0" timestamp="2025-07-21T21:53:12 CEST" skipped="0">
  <testcase classname="testCases.TC003_LoginDDT" name="verify_loginDDT" time="11.490"/>
  <testcase classname="testCases.TC003_LoginDDT" name="verify_loginDDT" time="10.755"/>
  <testcase classname="testCases.TC003_LoginDDT" name="verify_loginDDT" time="2.487"/>
  <testcase classname="testCases.TC003_LoginDDT" name="verify_loginDDT" time="11.126"/>
  <testcase classname="testCases.TC003_LoginDDT" name="verify_loginDDT" time="10.973"/>
  <testcase classname="testCases.TC003_LoginDDT" name="verify_loginDDT" time="11.047"/>
</testsuite> <!-- testCases.TC003_LoginDDT -->
