<?xml version="1.0" encoding="UTF-8"?>
<!-- Generated by org.testng.reporters.JUnitReportReporter -->
<testsuite hostname="DESKTOP-TD04L1I" failures="0" tests="1" name="testCases.TC002_LoginTest" time="2.099" errors="0" timestamp="2025-07-23T10:20:20 CEST" skipped="0">
  <testcase classname="testCases.TC002_LoginTest" name="verify_login" time="2.099"/>
</testsuite> <!-- testCases.TC002_LoginTest -->
